[ERROR] 2026-06-17 05:46:39 - 502 Bad Gateway
[ERROR] 2026-06-17 05:46:41 - 502 Bad Gateway
[ERROR] 2026-06-17 05:46:43 - 502 Bad Gateway
[ERROR] 2026-06-17 05:46:45 - 502 Bad Gateway
[ERROR] 2026-06-17 05:46:47 - 502 Bad Gateway
[ERROR] 2026-06-17 05:46:49 - 502 Bad Gateway
[ERROR] 2026-06-17 05:46:51 - 502 Bad Gateway
[ERROR] 2026-06-17 05:46:53 - 502 Bad Gateway
[ERROR] 2026-06-17 05:46:56 - 502 Bad Gateway
[ERROR] 2026-06-17 05:46:58 - 502 Bad Gateway
[ERROR] 2026-06-17 05:47:00 - 502 Bad Gateway
[ERROR] 2026-06-17 05:47:02 - 502 Bad Gateway
[ERROR] 2026-06-17 05:47:04 - 502 Bad Gateway
[ERROR] 2026-06-17 05:47:06 - 502 Bad Gateway
[ERROR] 2026-06-17 05:47:08 - 502 Bad Gateway
[ERROR] 2026-06-17 05:47:10 - 502 Bad Gateway
[ERROR] 2026-06-17 05:47:13 - 502 Bad Gateway
[ERROR] 2026-06-17 05:47:15 - 502 Bad Gateway
[ERROR] 2026-06-17 05:47:17 - 502 Bad Gateway
[ERROR] 2026-06-17 05:47:19 - 502 Bad Gateway
[ERROR] 2026-06-17 05:47:21 - 502 Bad Gateway
[ERROR] 2026-06-17 05:47:23 - 502 Bad Gateway
[ERROR] 2026-06-17 05:47:26 - 502 Bad Gateway
[ERROR] 2026-06-17 05:47:28 - 502 Bad Gateway
[ERROR] 2026-06-17 05:47:30 - 502 Bad Gateway
[ERROR] 2026-06-17 05:47:32 - 502 Bad Gateway
[ERROR] 2026-06-17 05:47:34 - 502 Bad Gateway
[ERROR] 2026-06-17 05:47:36 - 502 Bad Gateway
[ERROR] 2026-06-17 05:47:38 - 502 Bad Gateway
[ERROR] 2026-06-17 05:47:40 - 502 Bad Gateway
[ERROR] 2026-06-17 05:47:43 - 502 Bad Gateway
[ERROR] 2026-06-17 05:47:45 - 502 Bad Gateway
[ERROR] 2026-06-17 05:47:47 - 502 Bad Gateway
[ERROR] 2026-06-17 05:47:49 - 502 Bad Gateway
[ERROR] 2026-06-17 05:47:51 - 502 Bad Gateway
[ERROR] 2026-06-17 05:47:53 - 502 Bad Gateway
[ERROR] 2026-06-17 05:47:55 - 502 Bad Gateway
[ERROR] 2026-06-17 05:47:58 - 502 Bad Gateway
[ERROR] 2026-06-17 05:48:00 - 502 Bad Gateway
[ERROR] 2026-06-17 05:48:02 - 502 Bad Gateway
[ERROR] 2026-06-17 05:48:04 - 502 Bad Gateway
[ERROR] 2026-06-17 05:48:06 - 502 Bad Gateway
[ERROR] 2026-06-17 05:48:08 - 502 Bad Gateway
[ERROR] 2026-06-17 05:48:10 - 502 Bad Gateway
[ERROR] 2026-06-17 05:48:12 - 502 Bad Gateway
[ERROR] 2026-06-17 05:48:15 - 502 Bad Gateway
[ERROR] 2026-06-17 05:48:17 - 502 Bad Gateway
[ERROR] 2026-06-17 05:48:19 - 502 Bad Gateway
[ERROR] 2026-06-17 05:48:21 - 502 Bad Gateway
[ERROR] 2026-06-17 05:48:23 - 502 Bad Gateway
[ERROR] 2026-06-17 05:48:25 - 502 Bad Gateway
[ERROR] 2026-06-17 05:48:27 - 502 Bad Gateway
[ERROR] 2026-06-17 05:48:30 - 502 Bad Gateway
[ERROR] 2026-06-17 05:48:32 - 502 Bad Gateway
[ERROR] 2026-06-17 05:48:34 - 502 Bad Gateway
[ERROR] 2026-06-17 05:48:36 - 502 Bad Gateway
[ERROR] 2026-06-17 05:48:38 - 502 Bad Gateway
[ERROR] 2026-06-17 05:48:40 - 502 Bad Gateway
[ERROR] 2026-06-17 05:48:42 - 502 Bad Gateway
[ERROR] 2026-06-17 05:48:44 - 502 Bad Gateway
[ERROR] 2026-06-17 05:48:47 - 502 Bad Gateway
[ERROR] 2026-06-17 05:48:49 - 502 Bad Gateway
[ERROR] 2026-06-17 05:48:51 - 502 Bad Gateway
[ERROR] 2026-06-17 05:48:53 - 502 Bad Gateway
[ERROR] 2026-06-17 05:48:55 - 502 Bad Gateway
[ERROR] 2026-06-17 05:48:57 - 502 Bad Gateway
[ERROR] 2026-06-17 05:48:59 - 502 Bad Gateway
[ERROR] 2026-06-17 05:49:01 - 502 Bad Gateway
[ERROR] 2026-06-17 05:49:04 - 502 Bad Gateway
[ERROR] 2026-06-17 05:49:06 - 502 Bad Gateway
[ERROR] 2026-06-17 05:49:08 - 502 Bad Gateway
[ERROR] 2026-06-17 05:49:10 - 502 Bad Gateway
[ERROR] 2026-06-17 05:49:12 - 502 Bad Gateway
[ERROR] 2026-06-17 05:49:14 - 502 Bad Gateway
[ERROR] 2026-06-17 05:49:16 - 502 Bad Gateway
[ERROR] 2026-06-17 05:49:19 - 502 Bad Gateway
[ERROR] 2026-06-17 05:49:21 - 502 Bad Gateway
[ERROR] 2026-06-17 05:49:23 - 502 Bad Gateway
[ERROR] 2026-06-17 05:49:25 - 502 Bad Gateway
[ERROR] 2026-06-17 05:49:27 - 502 Bad Gateway
[ERROR] 2026-06-17 05:49:29 - 502 Bad Gateway
[ERROR] 2026-06-17 05:49:31 - 502 Bad Gateway
[ERROR] 2026-06-17 05:49:33 - 502 Bad Gateway
[ERROR] 2026-06-17 05:49:36 - 502 Bad Gateway
[ERROR] 2026-06-17 05:49:38 - 502 Bad Gateway
[ERROR] 2026-06-17 05:49:40 - 502 Bad Gateway
[ERROR] 2026-06-17 05:49:42 - 502 Bad Gateway
[ERROR] 2026-06-17 05:49:44 - 502 Bad Gateway
[ERROR] 2026-06-17 05:49:46 - 502 Bad Gateway
[ERROR] 2026-06-17 05:49:48 - 502 Bad Gateway
[ERROR] 2026-06-17 05:49:50 - 502 Bad Gateway
[ERROR] 2026-06-17 05:49:53 - 502 Bad Gateway
[ERROR] 2026-06-17 05:49:55 - 502 Bad Gateway
[ERROR] 2026-06-17 05:49:57 - 502 Bad Gateway
[ERROR] 2026-06-17 05:49:59 - 502 Bad Gateway
[ERROR] 2026-06-17 05:50:01 - 502 Bad Gateway
[ERROR] 2026-06-17 05:50:03 - 502 Bad Gateway
[ERROR] 2026-06-17 05:50:05 - 502 Bad Gateway
[ERROR] 2026-06-17 05:50:07 - 502 Bad Gateway
[ERROR] 2026-06-17 05:50:10 - 502 Bad Gateway
[ERROR] 2026-06-17 05:50:12 - 502 Bad Gateway
[ERROR] 2026-06-17 05:50:14 - 502 Bad Gateway
[ERROR] 2026-06-17 05:50:16 - 502 Bad Gateway
[ERROR] 2026-06-17 05:50:18 - 502 Bad Gateway
[ERROR] 2026-06-17 05:50:20 - 502 Bad Gateway
[ERROR] 2026-06-17 05:50:22 - 502 Bad Gateway
[ERROR] 2026-06-17 05:50:25 - 502 Bad Gateway
[ERROR] 2026-06-17 05:50:27 - 502 Bad Gateway
[ERROR] 2026-06-17 05:50:29 - 502 Bad Gateway
[ERROR] 2026-06-17 05:50:31 - 502 Bad Gateway
[ERROR] 2026-06-17 05:50:33 - 502 Bad Gateway
[ERROR] 2026-06-17 05:50:35 - 502 Bad Gateway
[ERROR] 2026-06-17 05:50:37 - 502 Bad Gateway
[ERROR] 2026-06-17 05:50:39 - 502 Bad Gateway
[ERROR] 2026-06-17 05:50:42 - 502 Bad Gateway
[ERROR] 2026-06-17 05:50:44 - 502 Bad Gateway
[ERROR] 2026-06-17 05:50:46 - 502 Bad Gateway
[ERROR] 2026-06-17 05:50:48 - 502 Bad Gateway
[ERROR] 2026-06-17 05:50:50 - 502 Bad Gateway
[ERROR] 2026-06-17 05:50:52 - 502 Bad Gateway
[ERROR] 2026-06-17 05:50:54 - 502 Bad Gateway
[ERROR] 2026-06-17 05:50:56 - 502 Bad Gateway
[ERROR] 2026-06-17 05:50:59 - 502 Bad Gateway
[ERROR] 2026-06-17 05:51:01 - 502 Bad Gateway
[ERROR] 2026-06-17 05:51:03 - 502 Bad Gateway
[ERROR] 2026-06-17 05:51:05 - 502 Bad Gateway
[ERROR] 2026-06-17 05:51:07 - 502 Bad Gateway
[ERROR] 2026-06-17 05:51:09 - 502 Bad Gateway
[ERROR] 2026-06-17 05:51:11 - 502 Bad Gateway
[ERROR] 2026-06-17 05:51:13 - 502 Bad Gateway
[ERROR] 2026-06-17 05:51:16 - 502 Bad Gateway
[ERROR] 2026-06-17 05:51:18 - 502 Bad Gateway
[ERROR] 2026-06-17 05:51:20 - 502 Bad Gateway
[ERROR] 2026-06-17 05:51:22 - 502 Bad Gateway
[ERROR] 2026-06-17 05:51:24 - 502 Bad Gateway
[ERROR] 2026-06-17 05:51:26 - 502 Bad Gateway
[ERROR] 2026-06-17 05:51:28 - 502 Bad Gateway
[ERROR] 2026-06-17 05:51:30 - 502 Bad Gateway
[ERROR] 2026-06-17 05:51:33 - 502 Bad Gateway
[ERROR] 2026-06-17 05:51:35 - 502 Bad Gateway
[ERROR] 2026-06-17 05:51:37 - 502 Bad Gateway
[ERROR] 2026-06-17 05:51:39 - 502 Bad Gateway
[ERROR] 2026-06-17 05:51:41 - 502 Bad Gateway
[ERROR] 2026-06-17 05:51:43 - 502 Bad Gateway
[ERROR] 2026-06-17 05:51:45 - 502 Bad Gateway
[ERROR] 2026-06-17 05:51:48 - 502 Bad Gateway
[ERROR] 2026-06-17 05:51:50 - 502 Bad Gateway
[ERROR] 2026-06-17 05:51:52 - 502 Bad Gateway
[ERROR] 2026-06-17 05:51:54 - 502 Bad Gateway
[ERROR] 2026-06-17 05:51:56 - 502 Bad Gateway
[ERROR] 2026-06-17 05:51:58 - 502 Bad Gateway
[ERROR] 2026-06-17 05:52:00 - 502 Bad Gateway
[ERROR] 2026-06-17 05:52:03 - 502 Bad Gateway
[ERROR] 2026-06-17 05:52:05 - 502 Bad Gateway
[ERROR] 2026-06-17 05:52:07 - 502 Bad Gateway
[ERROR] 2026-06-17 05:52:09 - 502 Bad Gateway
[ERROR] 2026-06-17 05:52:11 - 502 Bad Gateway
[ERROR] 2026-06-17 05:52:13 - 502 Bad Gateway
[ERROR] 2026-06-17 05:52:15 - 502 Bad Gateway
[ERROR] 2026-06-17 05:52:18 - 502 Bad Gateway
[ERROR] 2026-06-17 05:52:20 - 502 Bad Gateway
[ERROR] 2026-06-17 05:52:22 - 502 Bad Gateway
[ERROR] 2026-06-17 05:52:24 - 502 Bad Gateway
[ERROR] 2026-06-17 05:52:26 - 502 Bad Gateway
[ERROR] 2026-06-17 05:52:28 - 502 Bad Gateway
[ERROR] 2026-06-17 05:52:30 - 502 Bad Gateway
[ERROR] 2026-06-17 05:52:32 - 502 Bad Gateway
[ERROR] 2026-06-17 05:52:35 - 502 Bad Gateway
[ERROR] 2026-06-17 05:52:37 - 502 Bad Gateway
[ERROR] 2026-06-17 05:52:39 - 502 Bad Gateway
[ERROR] 2026-06-17 05:52:41 - 502 Bad Gateway
[ERROR] 2026-06-17 05:52:43 - 502 Bad Gateway
[ERROR] 2026-06-17 05:52:45 - 502 Bad Gateway
[ERROR] 2026-06-17 05:52:47 - 502 Bad Gateway
[ERROR] 2026-06-17 05:52:49 - 502 Bad Gateway
[ERROR] 2026-06-17 05:52:51 - 502 Bad Gateway
[ERROR] 2026-06-17 05:52:53 - 502 Bad Gateway
[ERROR] 2026-06-17 05:52:56 - 502 Bad Gateway
[ERROR] 2026-06-17 05:52:58 - 502 Bad Gateway
[ERROR] 2026-06-17 05:53:00 - 502 Bad Gateway
[ERROR] 2026-06-17 05:53:56 - 502 Bad Gateway
[2026-06-17 00:57:49] INFO: Attempting to lock room PR-101 for checkout reservation
[2026-06-17 00:57:51] WARN: Redis transaction contention rate increasing > 40%
[2026-06-17 00:57:55] ERROR: com.hotel.exception.RedisLockException: Could not acquire distributed lock for Room Type Resource ID: PR-101
[2026-06-17 00:57:57] ERROR: Inventory sync failed. Stale Redisson distributed locks suspected.
[2026-06-17 00:57:58] ERROR: Room mapping locked by another transaction. Front-end displaying Unavailable.
[2026-06-17 06:27:50] INFO: Validating user token payload for session
[2026-06-17 06:27:50] INFO: Fetching JWKS public key from cache
[2026-06-17 06:27:50] ERROR: io.jsonwebtoken.SignatureException: The Token Signature is invalid
[2026-06-17 06:27:50] WARN: JWT signature does not match locally cached credentials from auth-service
[2026-06-17 06:27:50] ERROR: Security context rejected. HTTP 401 Unauthorized returned to client.
[2026-06-17 06:42:10] INFO: Validating user token payload for session
[2026-06-17 06:42:10] INFO: Fetching JWKS public key from cache
[2026-06-17 06:42:10] ERROR: io.jsonwebtoken.SignatureException: The Token Signature is invalid
[2026-06-17 06:42:10] WARN: JWT signature does not match locally cached credentials from auth-service
[2026-06-17 06:42:10] ERROR: Security context rejected. HTTP 401 Unauthorized returned to client.
